{
  "stats": {
    "suites": 12,
    "tests": 41,
    "passes": 9,
    "pending": 0,
    "failures": 32,
    "start": "2022-07-05T06:42:17.887Z",
    "end": "2022-07-05T06:44:56.510Z",
    "duration": 158623,
    "testsRegistered": 41,
    "passPercent": 21.951219512195124,
    "pendingPercent": 0,
    "other": 0,
    "hasOther": false,
    "skipped": 0,
    "hasSkipped": false
  },
  "results": [
    {
      "uuid": "dbb2a9a5-efec-4c52-8a73-b39b15cae722",
      "title": "",
      "fullFile": "cypress/integration/project.spec.js",
      "file": "cypress/integration/project.spec.js",
      "beforeHooks": [],
      "afterHooks": [],
      "tests": [],
      "suites": [
        {
          "uuid": "dbbf622d-2397-484b-8e2e-d9c62b532587",
          "title": "1 - Adicione à página o título \"Paleta de Cores\".",
          "fullFile": "",
          "file": "",
          "beforeHooks": [],
          "afterHooks": [],
          "tests": [
            {
              "title": "Verifica se contém um elemento `h1` com o id `title` com o título correto",
              "fullTitle": "1 - Adicione à página o título \"Paleta de Cores\". Verifica se contém um elemento `h1` com o id `title` com o título correto",
              "timedOut": null,
              "duration": 923,
              "state": "passed",
              "speed": "slow",
              "pass": true,
              "fail": false,
              "pending": false,
              "context": null,
              "code": "cy.get('h1#title').should('contain.text', 'Paleta de Cores');",
              "err": {},
              "uuid": "e379dce5-b3cc-45ee-9360-22db424f2ddc",
              "parentUUID": "dbbf622d-2397-484b-8e2e-d9c62b532587",
              "isHook": false,
              "skipped": false
            }
          ],
          "suites": [],
          "passes": [
            "e379dce5-b3cc-45ee-9360-22db424f2ddc"
          ],
          "failures": [],
          "pending": [],
          "skipped": [],
          "duration": 923,
          "root": false,
          "rootEmpty": false,
          "_timeout": 2000
        },
        {
          "uuid": "1868e78a-2b1d-40c1-ad42-67da861ed004",
          "title": "2 - Adicione à página uma paleta de quatro cores distintas.",
          "fullFile": "",
          "file": "",
          "beforeHooks": [],
          "afterHooks": [],
          "tests": [
            {
              "title": "A paleta de cores deve ser um elemento com `id` denominado `color-palette` e ter mais de 0px de altura e de largura.",
              "fullTitle": "2 - Adicione à página uma paleta de quatro cores distintas. A paleta de cores deve ser um elemento com `id` denominado `color-palette` e ter mais de 0px de altura e de largura.",
              "timedOut": null,
              "duration": 567,
              "state": "passed",
              "speed": "slow",
              "pass": true,
              "fail": false,
              "pending": false,
              "context": null,
              "code": "cy.get('#color-palette').should('be.visible');\ncy.get('#color-palette').children('.color');",
              "err": {},
              "uuid": "c7720e11-6933-40b9-a07a-0f7e6f97abcc",
              "parentUUID": "1868e78a-2b1d-40c1-ad42-67da861ed004",
              "isHook": false,
              "skipped": false
            },
            {
              "title": "Verifica se cada cor individual da paleta de cores possui a `classe` chamada `color`.",
              "fullTitle": "2 - Adicione à página uma paleta de quatro cores distintas. Verifica se cada cor individual da paleta de cores possui a `classe` chamada `color`.",
              "timedOut": null,
              "duration": 4186,
              "state": "failed",
              "speed": null,
              "pass": false,
              "fail": true,
              "pending": false,
              "context": null,
              "code": "cy.get('.color').should('have.length', 4).then(function (colors) {\n  for (var i = 0; i < colors.length; i++) {\n    cy.wrap(colors[i]).should('be.visible');\n  }\n});",
              "err": {
                "message": "AssertionError: Timed out retrying: expected '<div.color>' to be 'visible'\n\nThis element `<div.color>` is not visible because it has an effective width and height of: `0 x 40` pixels.",
                "estack": "AssertionError: Timed out retrying: expected '<div.color>' to be 'visible'\n\nThis element `<div.color>` is not visible because it has an effective width and height of: `0 x 40` pixels.\n    at Context.eval (http://localhost:52794/__cypress/tests?p=cypress/integration/project.spec.js:86:28)",
                "diff": null
              },
              "uuid": "0d253268-e534-4b32-b1e7-86b08ba4e64f",
              "parentUUID": "1868e78a-2b1d-40c1-ad42-67da861ed004",
              "isHook": false,
              "skipped": false
            },
            {
              "title": "Verifica se a cor de fundo de cada elemento da paleta é a cor que o elemento representa. **A única cor não permitida na paleta é a cor branca.**",
              "fullTitle": "2 - Adicione à página uma paleta de quatro cores distintas. Verifica se a cor de fundo de cada elemento da paleta é a cor que o elemento representa. **A única cor não permitida na paleta é a cor branca.**",
              "timedOut": null,
              "duration": 518,
              "state": "passed",
              "speed": "slow",
              "pass": true,
              "fail": false,
              "pending": false,
              "context": null,
              "code": "cy.get('.color').each(function (color) {\n  cy.wrap(color).should('have.class', 'color').and('not.have.css', 'background-color', WHITE);\n  cy.wrap(color).should('have.css', 'background-color');\n});",
              "err": {},
              "uuid": "4a662a62-8f67-44a9-8758-99ee5d8df55f",
              "parentUUID": "1868e78a-2b1d-40c1-ad42-67da861ed004",
              "isHook": false,
              "skipped": false
            },
            {
              "title": "Verifica se cada elemento da paleta de cores tem uma borda preta, sólida e com 1 pixel de largura;",
              "fullTitle": "2 - Adicione à página uma paleta de quatro cores distintas. Verifica se cada elemento da paleta de cores tem uma borda preta, sólida e com 1 pixel de largura;",
              "timedOut": null,
              "duration": 4424,
              "state": "failed",
              "speed": null,
              "pass": false,
              "fail": true,
              "pending": false,
              "context": null,
              "code": "cy.get('.color').each(function (color) {\n  cy.wrap(color).and('have.css', 'border', \"1px solid \".concat(BLACK)).and('have.class', 'color');\n});",
              "err": {
                "message": "AssertionError: Timed out retrying: expected '<div.color>' to have CSS property 'border' with the value '1px solid rgb(0, 0, 0)', but the value was '0px none rgb(0, 0, 0)'",
                "estack": "AssertionError: Timed out retrying: expected '<div.color>' to have CSS property 'border' with the value '1px solid rgb(0, 0, 0)', but the value was '0px none rgb(0, 0, 0)'\n    at Context.eval (http://localhost:52794/__cypress/tests?p=cypress/integration/project.spec.js:98:22)",
                "diff": "- '0px none rgb(0, 0, 0)'\n+ '1px solid rgb(0, 0, 0)'\n"
              },
              "uuid": "d73e87ff-2260-453d-82bb-7fb4c6893fd6",
              "parentUUID": "1868e78a-2b1d-40c1-ad42-67da861ed004",
              "isHook": false,
              "skipped": false
            },
            {
              "title": "Verifica se a paleta lista todas as cores disponíveis para utilização, lado a lado.",
              "fullTitle": "2 - Adicione à página uma paleta de quatro cores distintas. Verifica se a paleta lista todas as cores disponíveis para utilização, lado a lado.",
              "timedOut": null,
              "duration": 690,
              "state": "passed",
              "speed": "slow",
              "pass": true,
              "fail": false,
              "pending": false,
              "context": null,
              "code": "cy.get('.color').then(function (colors) {\n  for (var index = 1; index < colors.length; index += 1) {\n    var currentColor = colors[index];\n    var previousColor = colors[index - 1];\n    cy.wrap(currentColor).should('be.onTheRightOf', previousColor).and('be.horizontallyAlignedWith', previousColor);\n  }\n});",
              "err": {},
              "uuid": "1fd1ab57-1907-462e-83d0-4c202a25a8d3",
              "parentUUID": "1868e78a-2b1d-40c1-ad42-67da861ed004",
              "isHook": false,
              "skipped": false
            },
            {
              "title": "Verifica se a paleta de cores está posicionada abaixo do título 'Paleta de Cores'",
              "fullTitle": "2 - Adicione à página uma paleta de quatro cores distintas. Verifica se a paleta de cores está posicionada abaixo do título 'Paleta de Cores'",
              "timedOut": null,
              "duration": 513,
              "state": "passed",
              "speed": "slow",
              "pass": true,
              "fail": false,
              "pending": false,
              "context": null,
              "code": "cy.get('h1#title').then(function (title) {\n  cy.get('#color-palette').should('be.belowOf', title);\n});",
              "err": {},
              "uuid": "af1a021b-94b5-4ec0-923d-5416e5081cee",
              "parentUUID": "1868e78a-2b1d-40c1-ad42-67da861ed004",
              "isHook": false,
              "skipped": false
            },
            {
              "title": "Verifica se a paleta de cores não contém cores repetidas.",
              "fullTitle": "2 - Adicione à página uma paleta de quatro cores distintas. Verifica se a paleta de cores não contém cores repetidas.",
              "timedOut": null,
              "duration": 385,
              "state": "passed",
              "speed": "slow",
              "pass": true,
              "fail": false,
              "pending": false,
              "context": null,
              "code": "cy.get('.color').then(function (colors) {\n  var allColors = Array.from(colors).map(function (color) {\n    return Cypress.$(color).css('background-color');\n  });\n  cy.log(allColors);\n  var uniqColors = (0, _toConsumableArray2[\"default\"])(new Set(allColors));\n  cy.log(uniqColors);\n  expect(allColors.length).to.eq(uniqColors.length);\n});",
              "err": {},
              "uuid": "1fa4e6be-bfea-45be-adcc-7fa1d4c3f3bb",
              "parentUUID": "1868e78a-2b1d-40c1-ad42-67da861ed004",
              "isHook": false,
              "skipped": false
            }
          ],
          "suites": [],
          "passes": [
            "c7720e11-6933-40b9-a07a-0f7e6f97abcc",
            "4a662a62-8f67-44a9-8758-99ee5d8df55f",
            "1fd1ab57-1907-462e-83d0-4c202a25a8d3",
            "af1a021b-94b5-4ec0-923d-5416e5081cee",
            "1fa4e6be-bfea-45be-adcc-7fa1d4c3f3bb"
          ],
          "failures": [
            "0d253268-e534-4b32-b1e7-86b08ba4e64f",
            "d73e87ff-2260-453d-82bb-7fb4c6893fd6"
          ],
          "pending": [],
          "skipped": [],
          "duration": 11283,
          "root": false,
          "rootEmpty": false,
          "_timeout": 2000
        },
        {
          "uuid": "d17fec5a-8350-4bc7-94c5-3ef20d53f394",
          "title": "3 - Adicione a cor **preta** como a primeira cor da paleta de cores.",
          "fullFile": "",
          "file": "",
          "beforeHooks": [],
          "afterHooks": [],
          "tests": [
            {
              "title": "Verifica se a primeira cor da paleta é preta",
              "fullTitle": "3 - Adicione a cor **preta** como a primeira cor da paleta de cores. Verifica se a primeira cor da paleta é preta",
              "timedOut": null,
              "duration": 328,
              "state": "passed",
              "speed": "slow",
              "pass": true,
              "fail": false,
              "pending": false,
              "context": null,
              "code": "cy.get('.color').first().should('have.css', 'background-color', BLACK);",
              "err": {},
              "uuid": "ca6f5537-c7d1-48b5-b71a-54a31171d942",
              "parentUUID": "d17fec5a-8350-4bc7-94c5-3ef20d53f394",
              "isHook": false,
              "skipped": false
            },
            {
              "title": "Verifica se as demais cores podem ser escolhidas livremente.",
              "fullTitle": "3 - Adicione a cor **preta** como a primeira cor da paleta de cores. Verifica se as demais cores podem ser escolhidas livremente.",
              "timedOut": null,
              "duration": 570,
              "state": "passed",
              "speed": "slow",
              "pass": true,
              "fail": false,
              "pending": false,
              "context": null,
              "code": "cy.get('.color').eq(1).should('not.have.css', 'background-color', BLACK);\ncy.get('.color').eq(1).should('not.have.css', 'background-color', WHITE);\ncy.get('.color').eq(1).should('not.have.css', 'background-color', 'rgba(0, 0, 0, 0)');\ncy.get('.color').eq(1).should('have.css', 'background-color');\ncy.get('.color').eq(2).should('not.have.css', 'background-color', BLACK);\ncy.get('.color').eq(2).should('not.have.css', 'background-color', WHITE);\ncy.get('.color').eq(2).should('not.have.css', 'background-color', 'rgba(0, 0, 0, 0)');\ncy.get('.color').eq(2).should('have.css', 'background-color');\ncy.get('.color').eq(3).should('not.have.css', 'background-color', BLACK);\ncy.get('.color').eq(3).should('not.have.css', 'background-color', WHITE);\ncy.get('.color').eq(3).should('not.have.css', 'background-color', 'rgba(0, 0, 0, 0)');\ncy.get('.color').eq(3).should('have.css', 'background-color');",
              "err": {},
              "uuid": "c1d50929-3d5a-4a15-bbd7-a17c593fe941",
              "parentUUID": "d17fec5a-8350-4bc7-94c5-3ef20d53f394",
              "isHook": false,
              "skipped": false
            }
          ],
          "suites": [],
          "passes": [
            "ca6f5537-c7d1-48b5-b71a-54a31171d942",
            "c1d50929-3d5a-4a15-bbd7-a17c593fe941"
          ],
          "failures": [],
          "pending": [],
          "skipped": [],
          "duration": 898,
          "root": false,
          "rootEmpty": false,
          "_timeout": 2000
        },
        {
          "uuid": "8410a0c8-74e3-4875-909a-ed986997b815",
          "title": "4 - Adicione à página um quadro de pixels, com 25 pixels.",
          "fullFile": "",
          "file": "",
          "beforeHooks": [],
          "afterHooks": [],
          "tests": [
            {
              "title": "Verifica se o quadro de pixels possui o `id` denominado `pixel-board`",
              "fullTitle": "4 - Adicione à página um quadro de pixels, com 25 pixels. Verifica se o quadro de pixels possui o `id` denominado `pixel-board`",
              "timedOut": null,
              "duration": 4288,
              "state": "failed",
              "speed": null,
              "pass": false,
              "fail": true,
              "pending": false,
              "context": null,
              "code": "cy.get('#pixel-board').should('be.visible');",
              "err": {
                "message": "AssertionError: Timed out retrying: Expected to find element: `#pixel-board`, but never found it.",
                "estack": "AssertionError: Timed out retrying: Expected to find element: `#pixel-board`, but never found it.\n    at Context.eval (http://localhost:52794/__cypress/tests?p=cypress/integration/project.spec.js:154:28)",
                "diff": null
              },
              "uuid": "ba2fa03f-6fde-4954-bfbf-1adf54f05217",
              "parentUUID": "8410a0c8-74e3-4875-909a-ed986997b815",
              "isHook": false,
              "skipped": false
            },
            {
              "title": "Verifica se cada pixel individual dentro do quadro possui a `classe` denominada `pixel`.",
              "fullTitle": "4 - Adicione à página um quadro de pixels, com 25 pixels. Verifica se cada pixel individual dentro do quadro possui a `classe` denominada `pixel`.",
              "timedOut": null,
              "duration": 4721,
              "state": "failed",
              "speed": null,
              "pass": false,
              "fail": true,
              "pending": false,
              "context": null,
              "code": "cy.get('.pixel').should('have.length', 25);",
              "err": {
                "message": "AssertionError: Timed out retrying: Expected to find element: `.pixel`, but never found it.",
                "estack": "AssertionError: Timed out retrying: Expected to find element: `.pixel`, but never found it.\n    at Context.eval (http://localhost:52794/__cypress/tests?p=cypress/integration/project.spec.js:157:22)",
                "diff": null
              },
              "uuid": "0c2a5b20-0512-4df7-9489-54be21c6be9c",
              "parentUUID": "8410a0c8-74e3-4875-909a-ed986997b815",
              "isHook": false,
              "skipped": false
            },
            {
              "title": "Verifica se a cor inicial dos pixels dentro do quadro, ao abrir a página, é branca.",
              "fullTitle": "4 - Adicione à página um quadro de pixels, com 25 pixels. Verifica se a cor inicial dos pixels dentro do quadro, ao abrir a página, é branca.",
              "timedOut": null,
              "duration": 4677,
              "state": "failed",
              "speed": null,
              "pass": false,
              "fail": true,
              "pending": false,
              "context": null,
              "code": "cy.get('.pixel').should('have.length', 25).each(function (pixel) {\n  expect(pixel).to.have.css('background-color', WHITE);\n});",
              "err": {
                "message": "AssertionError: Timed out retrying: Expected to find element: `.pixel`, but never found it.",
                "estack": "AssertionError: Timed out retrying: Expected to find element: `.pixel`, but never found it.\n    at Context.eval (http://localhost:52794/__cypress/tests?p=cypress/integration/project.spec.js:160:22)",
                "diff": null
              },
              "uuid": "159c0a20-69fb-4ba8-8fea-d121226fed2f",
              "parentUUID": "8410a0c8-74e3-4875-909a-ed986997b815",
              "isHook": false,
              "skipped": false
            },
            {
              "title": "Verifica se o quadro de pixels aparece abaixo da paleta de cores",
              "fullTitle": "4 - Adicione à página um quadro de pixels, com 25 pixels. Verifica se o quadro de pixels aparece abaixo da paleta de cores",
              "timedOut": null,
              "duration": 4475,
              "state": "failed",
              "speed": null,
              "pass": false,
              "fail": true,
              "pending": false,
              "context": null,
              "code": "cy.get('#color-palette').then(function (palette) {\n  cy.get('#pixel-board').should('be.belowOf', palette);\n});",
              "err": {
                "message": "AssertionError: Timed out retrying: Expected to find element: `#pixel-board`, but never found it.",
                "estack": "AssertionError: Timed out retrying: Expected to find element: `#pixel-board`, but never found it.\n    at Context.eval (http://localhost:52794/__cypress/tests?p=cypress/integration/project.spec.js:166:30)",
                "diff": null
              },
              "uuid": "3d800c6b-3b75-4869-b2f0-65d9749375b4",
              "parentUUID": "8410a0c8-74e3-4875-909a-ed986997b815",
              "isHook": false,
              "skipped": false
            }
          ],
          "suites": [],
          "passes": [],
          "failures": [
            "ba2fa03f-6fde-4954-bfbf-1adf54f05217",
            "0c2a5b20-0512-4df7-9489-54be21c6be9c",
            "159c0a20-69fb-4ba8-8fea-d121226fed2f",
            "3d800c6b-3b75-4869-b2f0-65d9749375b4"
          ],
          "pending": [],
          "skipped": [],
          "duration": 18161,
          "root": false,
          "rootEmpty": false,
          "_timeout": 2000
        },
        {
          "uuid": "e9196db7-35bd-4e61-9bbf-614fd399cd7a",
          "title": "5 - Faça com que cada elemento do quadro de pixels possua 40 pixels de largura, 40 pixels de altura e seja delimitado por uma borda preta de 1 pixel.",
          "fullFile": "",
          "file": "",
          "beforeHooks": [],
          "afterHooks": [],
          "tests": [
            {
              "title": "Verifica se o quadro de pixels tem altura e comprimento de 5 elementos",
              "fullTitle": "5 - Faça com que cada elemento do quadro de pixels possua 40 pixels de largura, 40 pixels de altura e seja delimitado por uma borda preta de 1 pixel. Verifica se o quadro de pixels tem altura e comprimento de 5 elementos",
              "timedOut": null,
              "duration": 4654,
              "state": "failed",
              "speed": null,
              "pass": false,
              "fail": true,
              "pending": false,
              "context": null,
              "code": "cy.get('.pixel').should('have.length', 25).each(function (pixel) {\n  expect(pixel).to.have.css('background-color', WHITE);\n}).and(function (pixels) {\n  var rows = chunk(pixels, 5);\n  rows.forEach(function (row) {\n    for (var index = 1; index < row.length; index += 1) {\n      var current = pixels[index];\n      var previous = pixels[index - 1];\n      cy.wrap(current).should('be.onTheRightOf', previous).and('be.horizontallyAlignedWith', previous);\n    }\n  });\n  for (var index = 1; index < 5; index += 1) {\n    expect(pixels[index * 5]).to.be.belowOf(pixels[(index - 1) * 5]);\n  }\n});",
              "err": {
                "message": "AssertionError: Timed out retrying: Expected to find element: `.pixel`, but never found it.",
                "estack": "AssertionError: Timed out retrying: Expected to find element: `.pixel`, but never found it.\n    at Context.eval (http://localhost:52794/__cypress/tests?p=cypress/integration/project.spec.js:175:22)",
                "diff": null
              },
              "uuid": "833cfb15-2b4a-4389-9ee9-8c4793a62cf5",
              "parentUUID": "e9196db7-35bd-4e61-9bbf-614fd399cd7a",
              "isHook": false,
              "skipped": false
            },
            {
              "title": "Verifica se 40 pixels é o tamanho total do elemento, incluindo seu conteúdo e excluindo a borda preta, que deve ser criada à parte.",
              "fullTitle": "5 - Faça com que cada elemento do quadro de pixels possua 40 pixels de largura, 40 pixels de altura e seja delimitado por uma borda preta de 1 pixel. Verifica se 40 pixels é o tamanho total do elemento, incluindo seu conteúdo e excluindo a borda preta, que deve ser criada à parte.",
              "timedOut": null,
              "duration": 4510,
              "state": "failed",
              "speed": null,
              "pass": false,
              "fail": true,
              "pending": false,
              "context": null,
              "code": "cy.get('.pixel').each(function (pixel) {\n  cy.wrap(pixel).should('have.css', 'height', '40px').and('have.css', 'width', '40px').and('have.css', 'border', \"1px solid \".concat(BLACK));\n});",
              "err": {
                "message": "AssertionError: Timed out retrying: Expected to find element: `.pixel`, but never found it.",
                "estack": "AssertionError: Timed out retrying: Expected to find element: `.pixel`, but never found it.\n    at Context.eval (http://localhost:52794/__cypress/tests?p=cypress/integration/project.spec.js:193:8)",
                "diff": null
              },
              "uuid": "7984d416-2c4f-4263-bac6-f2c8b298884c",
              "parentUUID": "e9196db7-35bd-4e61-9bbf-614fd399cd7a",
              "isHook": false,
              "skipped": false
            }
          ],
          "suites": [],
          "passes": [],
          "failures": [
            "833cfb15-2b4a-4389-9ee9-8c4793a62cf5",
            "7984d416-2c4f-4263-bac6-f2c8b298884c"
          ],
          "pending": [],
          "skipped": [],
          "duration": 9164,
          "root": false,
          "rootEmpty": false,
          "_timeout": 2000
        },
        {
          "uuid": "c8919c72-c6da-44f1-ab7c-cf4429b9d826",
          "title": "6 - Defina a cor preta como cor inicial. Ao carregar a página a cor preta já deve estar selecionada para pintar os pixels",
          "fullFile": "",
          "file": "",
          "beforeHooks": [],
          "afterHooks": [],
          "tests": [
            {
              "title": "Verifica se o elemento da cor preta possui, inicialmente, a `classe` `selected`",
              "fullTitle": "6 - Defina a cor preta como cor inicial. Ao carregar a página a cor preta já deve estar selecionada para pintar os pixels Verifica se o elemento da cor preta possui, inicialmente, a `classe` `selected`",
              "timedOut": null,
              "duration": 5535,
              "state": "failed",
              "speed": null,
              "pass": false,
              "fail": true,
              "pending": false,
              "context": null,
              "code": "cy.get('.selected').first().should('have.css', 'background-color', BLACK);",
              "err": {
                "message": "AssertionError: Timed out retrying: Expected to find element: `.selected`, but never found it.",
                "estack": "AssertionError: Timed out retrying: Expected to find element: `.selected`, but never found it.\n    at Context.eval (http://localhost:52794/__cypress/tests?p=cypress/integration/project.spec.js:203:8)",
                "diff": null
              },
              "uuid": "79102e76-7be5-431a-a942-0b0fc6b5e273",
              "parentUUID": "c8919c72-c6da-44f1-ab7c-cf4429b9d826",
              "isHook": false,
              "skipped": false
            },
            {
              "title": "Verifica se nenhuma outra cor da paleta tem a `classe` `selected`",
              "fullTitle": "6 - Defina a cor preta como cor inicial. Ao carregar a página a cor preta já deve estar selecionada para pintar os pixels Verifica se nenhuma outra cor da paleta tem a `classe` `selected`",
              "timedOut": null,
              "duration": 472,
              "state": "passed",
              "speed": "slow",
              "pass": true,
              "fail": false,
              "pending": false,
              "context": null,
              "code": "cy.get('.color:not(:first-child)').each(function (color) {\n  cy.wrap(color).should('not.have.class', 'selected');\n});",
              "err": {},
              "uuid": "a3916330-ac72-4a86-9525-d12b07516c7a",
              "parentUUID": "c8919c72-c6da-44f1-ab7c-cf4429b9d826",
              "isHook": false,
              "skipped": false
            }
          ],
          "suites": [],
          "passes": [
            "a3916330-ac72-4a86-9525-d12b07516c7a"
          ],
          "failures": [
            "79102e76-7be5-431a-a942-0b0fc6b5e273"
          ],
          "pending": [],
          "skipped": [],
          "duration": 6007,
          "root": false,
          "rootEmpty": false,
          "_timeout": 2000
        },
        {
          "uuid": "51eec26a-78de-4e1b-b321-22a26bedd7a1",
          "title": "7 - Clicar em uma das cores da paleta, faz com que ela seja selecionada e utilizada para preencher os pixels no quadro.",
          "fullFile": "",
          "file": "",
          "beforeHooks": [],
          "afterHooks": [],
          "tests": [
            {
              "title": "Verifica se somente uma cor da paleta de cores tem a classe `selected` de cada vez",
              "fullTitle": "7 - Clicar em uma das cores da paleta, faz com que ela seja selecionada e utilizada para preencher os pixels no quadro. Verifica se somente uma cor da paleta de cores tem a classe `selected` de cada vez",
              "timedOut": null,
              "duration": 4475,
              "state": "failed",
              "speed": null,
              "pass": false,
              "fail": true,
              "pending": false,
              "context": null,
              "code": "cy.get('.color').each(function (selectedColor, selectedColorIndex) {\n  cy.wrap(selectedColor).click();\n  cy.get('.color').each(function (color, colorIndex) {\n    if (colorIndex === selectedColorIndex) {\n      expect(color).to.have[\"class\"]('selected');\n    } else {\n      expect(color).not.to.have[\"class\"]('selected');\n    }\n  });\n});",
              "err": {
                "message": "CypressError: Timed out retrying: `cy.click()` failed because this element is not visible:\n\n`<div class=\"color\" style=\"background-color: black;\"></div>`\n\nThis element `<div.color>` is not visible because it has an effective width and height of: `0 x 40` pixels.\n\nFix this problem, or use `{force: true}` to disable error checking.\n\nhttps://on.cypress.io/element-cannot-be-interacted-with",
                "estack": "CypressError: Timed out retrying: `cy.click()` failed because this element is not visible:\n\n`<div class=\"color\" style=\"background-color: black;\"></div>`\n\nThis element `<div.color>` is not visible because it has an effective width and height of: `0 x 40` pixels.\n\nFix this problem, or use `{force: true}` to disable error checking.\n\nhttps://on.cypress.io/element-cannot-be-interacted-with\n    at $Cy.ensureVisibility (http://localhost:52794/__cypress/runner/cypress_runner.js:160226:24)\n    at runAllChecks (http://localhost:52794/__cypress/runner/cypress_runner.js:149309:14)\n    at retryActionability (http://localhost:52794/__cypress/runner/cypress_runner.js:149352:16)\n    at tryCatcher (http://localhost:52794/__cypress/runner/cypress_runner.js:9956:23)\n    at Function.Promise.attempt.Promise.try (http://localhost:52794/__cypress/runner/cypress_runner.js:7230:29)\n    at tryFn (http://localhost:52794/__cypress/runner/cypress_runner.js:163481:24)\n    at whenStable (http://localhost:52794/__cypress/runner/cypress_runner.js:163522:12)\n    at http://localhost:52794/__cypress/runner/cypress_runner.js:163040:16\n    at tryCatcher (http://localhost:52794/__cypress/runner/cypress_runner.js:9956:23)\n    at Promise._settlePromiseFromHandler (http://localhost:52794/__cypress/runner/cypress_runner.js:7891:31)\n    at Promise._settlePromise (http://localhost:52794/__cypress/runner/cypress_runner.js:7948:18)\n    at Promise._settlePromise0 (http://localhost:52794/__cypress/runner/cypress_runner.js:7993:10)\n    at Promise._settlePromises (http://localhost:52794/__cypress/runner/cypress_runner.js:8073:18)\n    at Promise._fulfill (http://localhost:52794/__cypress/runner/cypress_runner.js:8017:18)\n    at http://localhost:52794/__cypress/runner/cypress_runner.js:9631:46\nFrom Your Spec Code:\n    at Context.eval (http://localhost:52794/__cypress/tests?p=cypress/integration/project.spec.js:217:30)",
                "diff": null
              },
              "uuid": "fe693231-2c0a-43eb-9a80-8acd104e4f41",
              "parentUUID": "51eec26a-78de-4e1b-b321-22a26bedd7a1",
              "isHook": false,
              "skipped": false
            },
            {
              "title": "Verifica se os pixels dentro do quadro não têm a classe `selected` quando são clicados",
              "fullTitle": "7 - Clicar em uma das cores da paleta, faz com que ela seja selecionada e utilizada para preencher os pixels no quadro. Verifica se os pixels dentro do quadro não têm a classe `selected` quando são clicados",
              "timedOut": null,
              "duration": 4651,
              "state": "failed",
              "speed": null,
              "pass": false,
              "fail": true,
              "pending": false,
              "context": null,
              "code": "cy.get('.color').each(function (color) {\n  var backgroundColor = color.css('background-color');\n  cy.wrap(color).click();\n  cy.get('.pixel').each(function (pixel) {\n    cy.wrap(pixel).click().should('not.have.class', 'selected');\n  });\n});",
              "err": {
                "message": "CypressError: Timed out retrying: `cy.click()` failed because this element is not visible:\n\n`<div class=\"color\" style=\"background-color: black;\"></div>`\n\nThis element `<div.color>` is not visible because it has an effective width and height of: `0 x 40` pixels.\n\nFix this problem, or use `{force: true}` to disable error checking.\n\nhttps://on.cypress.io/element-cannot-be-interacted-with",
                "estack": "CypressError: Timed out retrying: `cy.click()` failed because this element is not visible:\n\n`<div class=\"color\" style=\"background-color: black;\"></div>`\n\nThis element `<div.color>` is not visible because it has an effective width and height of: `0 x 40` pixels.\n\nFix this problem, or use `{force: true}` to disable error checking.\n\nhttps://on.cypress.io/element-cannot-be-interacted-with\n    at $Cy.ensureVisibility (http://localhost:52794/__cypress/runner/cypress_runner.js:160226:24)\n    at runAllChecks (http://localhost:52794/__cypress/runner/cypress_runner.js:149309:14)\n    at retryActionability (http://localhost:52794/__cypress/runner/cypress_runner.js:149352:16)\n    at tryCatcher (http://localhost:52794/__cypress/runner/cypress_runner.js:9956:23)\n    at Function.Promise.attempt.Promise.try (http://localhost:52794/__cypress/runner/cypress_runner.js:7230:29)\n    at tryFn (http://localhost:52794/__cypress/runner/cypress_runner.js:163481:24)\n    at whenStable (http://localhost:52794/__cypress/runner/cypress_runner.js:163522:12)\n    at http://localhost:52794/__cypress/runner/cypress_runner.js:163040:16\n    at tryCatcher (http://localhost:52794/__cypress/runner/cypress_runner.js:9956:23)\n    at Promise._settlePromiseFromHandler (http://localhost:52794/__cypress/runner/cypress_runner.js:7891:31)\n    at Promise._settlePromise (http://localhost:52794/__cypress/runner/cypress_runner.js:7948:18)\n    at Promise._settlePromise0 (http://localhost:52794/__cypress/runner/cypress_runner.js:7993:10)\n    at Promise._settlePromises (http://localhost:52794/__cypress/runner/cypress_runner.js:8073:18)\n    at Promise._fulfill (http://localhost:52794/__cypress/runner/cypress_runner.js:8017:18)\n    at http://localhost:52794/__cypress/runner/cypress_runner.js:9631:46\nFrom Your Spec Code:\n    at Context.eval (http://localhost:52794/__cypress/tests?p=cypress/integration/project.spec.js:230:22)",
                "diff": null
              },
              "uuid": "396869dc-8faa-48ef-a87f-a2a3a0ab8dea",
              "parentUUID": "51eec26a-78de-4e1b-b321-22a26bedd7a1",
              "isHook": false,
              "skipped": false
            }
          ],
          "suites": [],
          "passes": [],
          "failures": [
            "fe693231-2c0a-43eb-9a80-8acd104e4f41",
            "396869dc-8faa-48ef-a87f-a2a3a0ab8dea"
          ],
          "pending": [],
          "skipped": [],
          "duration": 9126,
          "root": false,
          "rootEmpty": false,
          "_timeout": 2000
        },
        {
          "uuid": "820c388f-724a-46d7-a9ba-8b53dabd937d",
          "title": "8 - Clicar em um pixel dentro do quadro após selecionar uma cor na paleta, faz com que o pixel seja preenchido com a cor selecionada.",
          "fullFile": "",
          "file": "",
          "beforeHooks": [],
          "afterHooks": [],
          "tests": [
            {
              "title": "Verifica se ao carregar a página deve ser possível pintar os pixels de preto",
              "fullTitle": "8 - Clicar em um pixel dentro do quadro após selecionar uma cor na paleta, faz com que o pixel seja preenchido com a cor selecionada. Verifica se ao carregar a página deve ser possível pintar os pixels de preto",
              "timedOut": null,
              "duration": 4481,
              "state": "failed",
              "speed": null,
              "pass": false,
              "fail": true,
              "pending": false,
              "context": null,
              "code": "cy.get('.pixel').each(function (pixel) {\n  cy.wrap(pixel).click().should('have.css', 'background-color', BLACK);\n});",
              "err": {
                "message": "AssertionError: Timed out retrying: Expected to find element: `.pixel`, but never found it.",
                "estack": "AssertionError: Timed out retrying: Expected to find element: `.pixel`, but never found it.\n    at Context.eval (http://localhost:52794/__cypress/tests?p=cypress/integration/project.spec.js:242:8)",
                "diff": null
              },
              "uuid": "f843f8bb-cadb-4b8c-9b03-5d8227aff0cd",
              "parentUUID": "820c388f-724a-46d7-a9ba-8b53dabd937d",
              "isHook": false,
              "skipped": false
            },
            {
              "title": "Verifica se após selecionar uma outra cor na paleta, é possível pintar os pixels com essa cor",
              "fullTitle": "8 - Clicar em um pixel dentro do quadro após selecionar uma cor na paleta, faz com que o pixel seja preenchido com a cor selecionada. Verifica se após selecionar uma outra cor na paleta, é possível pintar os pixels com essa cor",
              "timedOut": null,
              "duration": 4692,
              "state": "failed",
              "speed": null,
              "pass": false,
              "fail": true,
              "pending": false,
              "context": null,
              "code": "cy.get('.color').each(function (color) {\n  var backgroundColor = color.css('background-color');\n  cy.wrap(color).click();\n  cy.get('.pixel').each(function (pixel) {\n    cy.wrap(pixel).click().should('have.css', 'background-color', backgroundColor);\n  });\n});",
              "err": {
                "message": "CypressError: Timed out retrying: `cy.click()` failed because this element is not visible:\n\n`<div class=\"color\" style=\"background-color: black;\"></div>`\n\nThis element `<div.color>` is not visible because it has an effective width and height of: `0 x 40` pixels.\n\nFix this problem, or use `{force: true}` to disable error checking.\n\nhttps://on.cypress.io/element-cannot-be-interacted-with",
                "estack": "CypressError: Timed out retrying: `cy.click()` failed because this element is not visible:\n\n`<div class=\"color\" style=\"background-color: black;\"></div>`\n\nThis element `<div.color>` is not visible because it has an effective width and height of: `0 x 40` pixels.\n\nFix this problem, or use `{force: true}` to disable error checking.\n\nhttps://on.cypress.io/element-cannot-be-interacted-with\n    at $Cy.ensureVisibility (http://localhost:52794/__cypress/runner/cypress_runner.js:160226:24)\n    at runAllChecks (http://localhost:52794/__cypress/runner/cypress_runner.js:149309:14)\n    at retryActionability (http://localhost:52794/__cypress/runner/cypress_runner.js:149352:16)\n    at tryCatcher (http://localhost:52794/__cypress/runner/cypress_runner.js:9956:23)\n    at Function.Promise.attempt.Promise.try (http://localhost:52794/__cypress/runner/cypress_runner.js:7230:29)\n    at tryFn (http://localhost:52794/__cypress/runner/cypress_runner.js:163481:24)\n    at whenStable (http://localhost:52794/__cypress/runner/cypress_runner.js:163522:12)\n    at http://localhost:52794/__cypress/runner/cypress_runner.js:163040:16\n    at tryCatcher (http://localhost:52794/__cypress/runner/cypress_runner.js:9956:23)\n    at Promise._settlePromiseFromHandler (http://localhost:52794/__cypress/runner/cypress_runner.js:7891:31)\n    at Promise._settlePromise (http://localhost:52794/__cypress/runner/cypress_runner.js:7948:18)\n    at Promise._settlePromise0 (http://localhost:52794/__cypress/runner/cypress_runner.js:7993:10)\n    at Promise._settlePromises (http://localhost:52794/__cypress/runner/cypress_runner.js:8073:18)\n    at Promise._fulfill (http://localhost:52794/__cypress/runner/cypress_runner.js:8017:18)\n    at http://localhost:52794/__cypress/runner/cypress_runner.js:9631:46\nFrom Your Spec Code:\n    at Context.eval (http://localhost:52794/__cypress/tests?p=cypress/integration/project.spec.js:249:22)",
                "diff": null
              },
              "uuid": "f50c5983-dfb8-4ed2-a40e-f400d08bb46a",
              "parentUUID": "820c388f-724a-46d7-a9ba-8b53dabd937d",
              "isHook": false,
              "skipped": false
            },
            {
              "title": "Verifica se somente o pixel que foi clicado foi preenchido com a cor selecionada, sem influenciar na cor dos demais pixels.",
              "fullTitle": "8 - Clicar em um pixel dentro do quadro após selecionar uma cor na paleta, faz com que o pixel seja preenchido com a cor selecionada. Verifica se somente o pixel que foi clicado foi preenchido com a cor selecionada, sem influenciar na cor dos demais pixels.",
              "timedOut": null,
              "duration": 4859,
              "state": "failed",
              "speed": null,
              "pass": false,
              "fail": true,
              "pending": false,
              "context": null,
              "code": "var colorToPixelIndexMap = {\n  0: 6,\n  1: 8,\n  2: 16,\n  3: 18\n};\ncy.get('.color').each(function (color, index) {\n  cy.wrap(color).click();\n  var backgroundColor = color.css('background-color');\n  var clickedPixelIndex = colorToPixelIndexMap[index];\n  cy.get('.pixel').eq(clickedPixelIndex).click();\n  cy.get('.pixel').eq(clickedPixelIndex - 1).should('not.have.css', 'background-color', backgroundColor);\n  cy.get('.pixel').eq(clickedPixelIndex + 1).should('not.have.css', 'background-color', backgroundColor);\n  cy.get('.pixel').eq(clickedPixelIndex - 5).should('not.have.css', 'background-color', backgroundColor);\n  cy.get('.pixel').eq(clickedPixelIndex + 5).should('not.have.css', 'background-color', backgroundColor);\n  cy.get('.pixel').eq(clickedPixelIndex - 6).should('not.have.css', 'background-color', backgroundColor);\n  cy.get('.pixel').eq(clickedPixelIndex - 4).should('not.have.css', 'background-color', backgroundColor);\n  cy.get('.pixel').eq(clickedPixelIndex + 4).should('not.have.css', 'background-color', backgroundColor);\n  cy.get('.pixel').eq(clickedPixelIndex + 6).should('not.have.css', 'background-color', backgroundColor);\n});",
              "err": {
                "message": "CypressError: Timed out retrying: `cy.click()` failed because this element is not visible:\n\n`<div class=\"color\" style=\"background-color: black;\"></div>`\n\nThis element `<div.color>` is not visible because it has an effective width and height of: `0 x 40` pixels.\n\nFix this problem, or use `{force: true}` to disable error checking.\n\nhttps://on.cypress.io/element-cannot-be-interacted-with",
                "estack": "CypressError: Timed out retrying: `cy.click()` failed because this element is not visible:\n\n`<div class=\"color\" style=\"background-color: black;\"></div>`\n\nThis element `<div.color>` is not visible because it has an effective width and height of: `0 x 40` pixels.\n\nFix this problem, or use `{force: true}` to disable error checking.\n\nhttps://on.cypress.io/element-cannot-be-interacted-with\n    at $Cy.ensureVisibility (http://localhost:52794/__cypress/runner/cypress_runner.js:160226:24)\n    at runAllChecks (http://localhost:52794/__cypress/runner/cypress_runner.js:149309:14)\n    at retryActionability (http://localhost:52794/__cypress/runner/cypress_runner.js:149352:16)\n    at tryCatcher (http://localhost:52794/__cypress/runner/cypress_runner.js:9956:23)\n    at Function.Promise.attempt.Promise.try (http://localhost:52794/__cypress/runner/cypress_runner.js:7230:29)\n    at tryFn (http://localhost:52794/__cypress/runner/cypress_runner.js:163481:24)\n    at whenStable (http://localhost:52794/__cypress/runner/cypress_runner.js:163522:12)\n    at http://localhost:52794/__cypress/runner/cypress_runner.js:163040:16\n    at tryCatcher (http://localhost:52794/__cypress/runner/cypress_runner.js:9956:23)\n    at Promise._settlePromiseFromHandler (http://localhost:52794/__cypress/runner/cypress_runner.js:7891:31)\n    at Promise._settlePromise (http://localhost:52794/__cypress/runner/cypress_runner.js:7948:18)\n    at Promise._settlePromise0 (http://localhost:52794/__cypress/runner/cypress_runner.js:7993:10)\n    at Promise._settlePromises (http://localhost:52794/__cypress/runner/cypress_runner.js:8073:18)\n    at Promise._fulfill (http://localhost:52794/__cypress/runner/cypress_runner.js:8017:18)\n    at http://localhost:52794/__cypress/runner/cypress_runner.js:9631:46\nFrom Your Spec Code:\n    at Context.eval (http://localhost:52794/__cypress/tests?p=cypress/integration/project.spec.js:263:22)",
                "diff": null
              },
              "uuid": "abe5c9e7-1f59-4561-a579-6df557c8cffd",
              "parentUUID": "820c388f-724a-46d7-a9ba-8b53dabd937d",
              "isHook": false,
              "skipped": false
            }
          ],
          "suites": [],
          "passes": [],
          "failures": [
            "f843f8bb-cadb-4b8c-9b03-5d8227aff0cd",
            "f50c5983-dfb8-4ed2-a40e-f400d08bb46a",
            "abe5c9e7-1f59-4561-a579-6df557c8cffd"
          ],
          "pending": [],
          "skipped": [],
          "duration": 14032,
          "root": false,
          "rootEmpty": false,
          "_timeout": 2000
        },
        {
          "uuid": "f1f0e938-785c-4939-b45f-bfdff1c22774",
          "title": "9 - Crie um botão que, ao ser clicado, limpa o quadro preenchendo a cor de todos seus pixels com branco.",
          "fullFile": "",
          "file": "",
          "beforeHooks": [],
          "afterHooks": [],
          "tests": [
            {
              "title": "Verifica se o botão tem o `id` denominado `clear-board`",
              "fullTitle": "9 - Crie um botão que, ao ser clicado, limpa o quadro preenchendo a cor de todos seus pixels com branco. Verifica se o botão tem o `id` denominado `clear-board`",
              "timedOut": null,
              "duration": 5022,
              "state": "failed",
              "speed": null,
              "pass": false,
              "fail": true,
              "pending": false,
              "context": null,
              "code": "cy.get('#clear-board').should('be.visible');",
              "err": {
                "message": "AssertionError: Timed out retrying: Expected to find element: `#clear-board`, but never found it.",
                "estack": "AssertionError: Timed out retrying: Expected to find element: `#clear-board`, but never found it.\n    at Context.eval (http://localhost:52794/__cypress/tests?p=cypress/integration/project.spec.js:283:28)",
                "diff": null
              },
              "uuid": "93ac2a64-a094-47d3-9b67-ca1a460c1f81",
              "parentUUID": "f1f0e938-785c-4939-b45f-bfdff1c22774",
              "isHook": false,
              "skipped": false
            },
            {
              "title": "Verifica se o botão está posicionado entre a paleta de cores e o quadro de pixels",
              "fullTitle": "9 - Crie um botão que, ao ser clicado, limpa o quadro preenchendo a cor de todos seus pixels com branco. Verifica se o botão está posicionado entre a paleta de cores e o quadro de pixels",
              "timedOut": null,
              "duration": 4778,
              "state": "failed",
              "speed": null,
              "pass": false,
              "fail": true,
              "pending": false,
              "context": null,
              "code": "cy.get('#color-palette').then(function (palette) {\n  cy.get('#clear-board').should('be.belowOf', palette);\n});\ncy.get('#clear-board').then(function (clearBtn) {\n  cy.get('#pixel-board').should('be.belowOf', clearBtn);\n});",
              "err": {
                "message": "AssertionError: Timed out retrying: Expected to find element: `#clear-board`, but never found it.",
                "estack": "AssertionError: Timed out retrying: Expected to find element: `#clear-board`, but never found it.\n    at Context.eval (http://localhost:52794/__cypress/tests?p=cypress/integration/project.spec.js:287:30)",
                "diff": null
              },
              "uuid": "be8fdef9-dc09-416f-895d-e2c662ace7ed",
              "parentUUID": "f1f0e938-785c-4939-b45f-bfdff1c22774",
              "isHook": false,
              "skipped": false
            },
            {
              "title": "Verifica se o texto do botão é 'Limpar'",
              "fullTitle": "9 - Crie um botão que, ao ser clicado, limpa o quadro preenchendo a cor de todos seus pixels com branco. Verifica se o texto do botão é 'Limpar'",
              "timedOut": null,
              "duration": 5466,
              "state": "failed",
              "speed": null,
              "pass": false,
              "fail": true,
              "pending": false,
              "context": null,
              "code": "cy.get('#clear-board').should('contain.text', 'Limpar');",
              "err": {
                "message": "AssertionError: Timed out retrying: Expected to find element: `#clear-board`, but never found it.",
                "estack": "AssertionError: Timed out retrying: Expected to find element: `#clear-board`, but never found it.\n    at Context.eval (http://localhost:52794/__cypress/tests?p=cypress/integration/project.spec.js:294:28)",
                "diff": null
              },
              "uuid": "70bf5c68-8dc9-4a10-aea3-65dd574e2518",
              "parentUUID": "f1f0e938-785c-4939-b45f-bfdff1c22774",
              "isHook": false,
              "skipped": false
            },
            {
              "title": "Verifica se ao clicar no botão, o quadro de pixels é totalmente preenchido de branco",
              "fullTitle": "9 - Crie um botão que, ao ser clicado, limpa o quadro preenchendo a cor de todos seus pixels com branco. Verifica se ao clicar no botão, o quadro de pixels é totalmente preenchido de branco",
              "timedOut": null,
              "duration": 4725,
              "state": "failed",
              "speed": null,
              "pass": false,
              "fail": true,
              "pending": false,
              "context": null,
              "code": "cy.get('.color').eq(1).then(function (color) {\n  var backgroundColor = color.css('background-color');\n  cy.wrap(color).click();\n  cy.get('.pixel').each(function (pixel) {\n    cy.wrap(pixel).click().should('have.css', 'background-color', backgroundColor);\n  });\n});\ncy.get('#clear-board').click();\ncy.get('.pixel').each(function (pixel) {\n  cy.wrap(pixel).should('have.css', 'background-color', WHITE);\n});",
              "err": {
                "message": "CypressError: Timed out retrying: `cy.click()` failed because this element is not visible:\n\n`<div class=\"color\" style=\"background-color: red;\"></div>`\n\nThis element `<div.color>` is not visible because it has an effective width and height of: `0 x 40` pixels.\n\nFix this problem, or use `{force: true}` to disable error checking.\n\nhttps://on.cypress.io/element-cannot-be-interacted-with",
                "estack": "CypressError: Timed out retrying: `cy.click()` failed because this element is not visible:\n\n`<div class=\"color\" style=\"background-color: red;\"></div>`\n\nThis element `<div.color>` is not visible because it has an effective width and height of: `0 x 40` pixels.\n\nFix this problem, or use `{force: true}` to disable error checking.\n\nhttps://on.cypress.io/element-cannot-be-interacted-with\n    at $Cy.ensureVisibility (http://localhost:52794/__cypress/runner/cypress_runner.js:160226:24)\n    at runAllChecks (http://localhost:52794/__cypress/runner/cypress_runner.js:149309:14)\n    at retryActionability (http://localhost:52794/__cypress/runner/cypress_runner.js:149352:16)\n    at tryCatcher (http://localhost:52794/__cypress/runner/cypress_runner.js:9956:23)\n    at Function.Promise.attempt.Promise.try (http://localhost:52794/__cypress/runner/cypress_runner.js:7230:29)\n    at tryFn (http://localhost:52794/__cypress/runner/cypress_runner.js:163481:24)\n    at whenStable (http://localhost:52794/__cypress/runner/cypress_runner.js:163522:12)\n    at http://localhost:52794/__cypress/runner/cypress_runner.js:163040:16\n    at tryCatcher (http://localhost:52794/__cypress/runner/cypress_runner.js:9956:23)\n    at Promise._settlePromiseFromHandler (http://localhost:52794/__cypress/runner/cypress_runner.js:7891:31)\n    at Promise._settlePromise (http://localhost:52794/__cypress/runner/cypress_runner.js:7948:18)\n    at Promise._settlePromise0 (http://localhost:52794/__cypress/runner/cypress_runner.js:7993:10)\n    at Promise._settlePromises (http://localhost:52794/__cypress/runner/cypress_runner.js:8073:18)\n    at Promise._fulfill (http://localhost:52794/__cypress/runner/cypress_runner.js:8017:18)\n    at http://localhost:52794/__cypress/runner/cypress_runner.js:9631:46\nFrom Your Spec Code:\n    at Context.eval (http://localhost:52794/__cypress/tests?p=cypress/integration/project.spec.js:299:22)",
                "diff": null
              },
              "uuid": "2a71267f-2fa8-4988-9831-9804000b6516",
              "parentUUID": "f1f0e938-785c-4939-b45f-bfdff1c22774",
              "isHook": false,
              "skipped": false
            }
          ],
          "suites": [],
          "passes": [],
          "failures": [
            "93ac2a64-a094-47d3-9b67-ca1a460c1f81",
            "be8fdef9-dc09-416f-895d-e2c662ace7ed",
            "70bf5c68-8dc9-4a10-aea3-65dd574e2518",
            "2a71267f-2fa8-4988-9831-9804000b6516"
          ],
          "pending": [],
          "skipped": [],
          "duration": 19991,
          "root": false,
          "rootEmpty": false,
          "_timeout": 2000
        },
        {
          "uuid": "a6947e5d-0d18-4d0e-93b6-a7db4fe7e1cf",
          "title": "10 - Faça o quadro de pixels ter seu tamanho definido pelo usuário.",
          "fullFile": "",
          "file": "",
          "beforeHooks": [],
          "afterHooks": [],
          "tests": [
            {
              "title": "Verifica se existe um input com o id `board-size`",
              "fullTitle": "10 - Faça o quadro de pixels ter seu tamanho definido pelo usuário. Verifica se existe um input com o id `board-size`",
              "timedOut": null,
              "duration": 5458,
              "state": "failed",
              "speed": null,
              "pass": false,
              "fail": true,
              "pending": false,
              "context": null,
              "code": "cy.get('#board-size').should('be.visible');",
              "err": {
                "message": "AssertionError: Timed out retrying: Expected to find element: `#board-size`, but never found it.",
                "estack": "AssertionError: Timed out retrying: Expected to find element: `#board-size`, but never found it.\n    at Context.eval (http://localhost:52794/__cypress/tests?p=cypress/integration/project.spec.js:315:27)",
                "diff": null
              },
              "uuid": "b23030e4-fb2c-429a-a4a3-57d357009df9",
              "parentUUID": "a6947e5d-0d18-4d0e-93b6-a7db4fe7e1cf",
              "isHook": false,
              "skipped": false
            },
            {
              "title": "Verifica se existe um botão com o id `generate-board`",
              "fullTitle": "10 - Faça o quadro de pixels ter seu tamanho definido pelo usuário. Verifica se existe um botão com o id `generate-board`",
              "timedOut": null,
              "duration": 5031,
              "state": "failed",
              "speed": null,
              "pass": false,
              "fail": true,
              "pending": false,
              "context": null,
              "code": "cy.get('#generate-board').should('be.visible');",
              "err": {
                "message": "AssertionError: Timed out retrying: Expected to find element: `#generate-board`, but never found it.",
                "estack": "AssertionError: Timed out retrying: Expected to find element: `#generate-board`, but never found it.\n    at Context.eval (http://localhost:52794/__cypress/tests?p=cypress/integration/project.spec.js:318:31)",
                "diff": null
              },
              "uuid": "8da4d7b1-95a7-4ced-bf75-518b2c533709",
              "parentUUID": "a6947e5d-0d18-4d0e-93b6-a7db4fe7e1cf",
              "isHook": false,
              "skipped": false
            },
            {
              "title": "Verifica se o input só aceita número maiores que zero. Essa restrição deve ser feita usando os atributos do elemento `input`",
              "fullTitle": "10 - Faça o quadro de pixels ter seu tamanho definido pelo usuário. Verifica se o input só aceita número maiores que zero. Essa restrição deve ser feita usando os atributos do elemento `input`",
              "timedOut": null,
              "duration": 4880,
              "state": "failed",
              "speed": null,
              "pass": false,
              "fail": true,
              "pending": false,
              "context": null,
              "code": "cy.get('#board-size[type=\\'number\\'][min=\\'1\\']');",
              "err": {
                "message": "AssertionError: Timed out retrying: Expected to find element: `#board-size[type='number'][min='1']`, but never found it.",
                "estack": "AssertionError: Timed out retrying: Expected to find element: `#board-size[type='number'][min='1']`, but never found it.\n    at Context.eval (http://localhost:52794/__cypress/tests?p=cypress/integration/project.spec.js:321:8)",
                "diff": null
              },
              "uuid": "8de6c823-891a-4102-9710-e4a5251e8472",
              "parentUUID": "a6947e5d-0d18-4d0e-93b6-a7db4fe7e1cf",
              "isHook": false,
              "skipped": false
            },
            {
              "title": "Verifica se o botão contém o texto 'VQV'",
              "fullTitle": "10 - Faça o quadro de pixels ter seu tamanho definido pelo usuário. Verifica se o botão contém o texto 'VQV'",
              "timedOut": null,
              "duration": 4799,
              "state": "failed",
              "speed": null,
              "pass": false,
              "fail": true,
              "pending": false,
              "context": null,
              "code": "cy.get('#generate-board').contains(/vqv/i);",
              "err": {
                "message": "AssertionError: Timed out retrying: Expected to find element: `#generate-board`, but never found it.",
                "estack": "AssertionError: Timed out retrying: Expected to find element: `#generate-board`, but never found it.\n    at Context.eval (http://localhost:52794/__cypress/tests?p=cypress/integration/project.spec.js:324:8)",
                "diff": null
              },
              "uuid": "ef9c127c-4a7e-4cdc-82d2-eaf5afa0b0b2",
              "parentUUID": "a6947e5d-0d18-4d0e-93b6-a7db4fe7e1cf",
              "isHook": false,
              "skipped": false
            },
            {
              "title": "Verifica se o input está posicionado entre a paleta de cores e o quadro de pixels",
              "fullTitle": "10 - Faça o quadro de pixels ter seu tamanho definido pelo usuário. Verifica se o input está posicionado entre a paleta de cores e o quadro de pixels",
              "timedOut": null,
              "duration": 4841,
              "state": "failed",
              "speed": null,
              "pass": false,
              "fail": true,
              "pending": false,
              "context": null,
              "code": "cy.get('#color-palette').then(function (palette) {\n  cy.get('#board-size').should('be.belowOf', palette);\n});\ncy.get('#board-size').then(function (palette) {\n  cy.get('#pixel-board').should('be.belowOf', palette);\n});",
              "err": {
                "message": "AssertionError: Timed out retrying: Expected to find element: `#board-size`, but never found it.",
                "estack": "AssertionError: Timed out retrying: Expected to find element: `#board-size`, but never found it.\n    at Context.eval (http://localhost:52794/__cypress/tests?p=cypress/integration/project.spec.js:328:29)",
                "diff": null
              },
              "uuid": "f40a9e47-fbf8-4c93-a00c-3f892a71da63",
              "parentUUID": "a6947e5d-0d18-4d0e-93b6-a7db4fe7e1cf",
              "isHook": false,
              "skipped": false
            },
            {
              "title": "Verifica se o botão está posicionado ao lado do input",
              "fullTitle": "10 - Faça o quadro de pixels ter seu tamanho definido pelo usuário. Verifica se o botão está posicionado ao lado do input",
              "timedOut": null,
              "duration": 5043,
              "state": "failed",
              "speed": null,
              "pass": false,
              "fail": true,
              "pending": false,
              "context": null,
              "code": "cy.get('#board-size').then(function (board) {\n  cy.get('#generate-board').should('be.onTheRightOf', board);\n});",
              "err": {
                "message": "AssertionError: Timed out retrying: Expected to find element: `#board-size`, but never found it.",
                "estack": "AssertionError: Timed out retrying: Expected to find element: `#board-size`, but never found it.\n    at Context.eval (http://localhost:52794/__cypress/tests?p=cypress/integration/project.spec.js:335:8)",
                "diff": null
              },
              "uuid": "d923b029-6800-46d7-ae39-739256722000",
              "parentUUID": "a6947e5d-0d18-4d0e-93b6-a7db4fe7e1cf",
              "isHook": false,
              "skipped": false
            },
            {
              "title": "Verifica se nenhum valor for colocado no input ao clicar no botão, um `alert` é exibido com o texto: 'Board inválido!'",
              "fullTitle": "10 - Faça o quadro de pixels ter seu tamanho definido pelo usuário. Verifica se nenhum valor for colocado no input ao clicar no botão, um `alert` é exibido com o texto: 'Board inválido!'",
              "timedOut": null,
              "duration": 4771,
              "state": "failed",
              "speed": null,
              "pass": false,
              "fail": true,
              "pending": false,
              "context": null,
              "code": "var alerted = false;\ncy.on('window:alert', function (msg) {\n  return alerted = msg;\n});\ncy.get('#generate-board').click().then(function () {\n  return expect(alerted).to.match(/Board inválido!/i);\n});",
              "err": {
                "message": "AssertionError: Timed out retrying: Expected to find element: `#generate-board`, but never found it.",
                "estack": "AssertionError: Timed out retrying: Expected to find element: `#generate-board`, but never found it.\n    at Context.eval (http://localhost:52794/__cypress/tests?p=cypress/integration/project.spec.js:344:8)",
                "diff": null
              },
              "uuid": "12d32a06-bbf4-43f5-9400-cd3406ab61bf",
              "parentUUID": "a6947e5d-0d18-4d0e-93b6-a7db4fe7e1cf",
              "isHook": false,
              "skipped": false
            },
            {
              "title": "Verifica se ao clicar no botão com um valor preenchido, o tamanho do board muda.",
              "fullTitle": "10 - Faça o quadro de pixels ter seu tamanho definido pelo usuário. Verifica se ao clicar no botão com um valor preenchido, o tamanho do board muda.",
              "timedOut": null,
              "duration": 4753,
              "state": "failed",
              "speed": null,
              "pass": false,
              "fail": true,
              "pending": false,
              "context": null,
              "code": "cy.get('#board-size').clear().type(10);\ncy.get('#generate-board').click();\ncy.get('.pixel').should('have.length', 100);",
              "err": {
                "message": "AssertionError: Timed out retrying: Expected to find element: `#board-size`, but never found it.",
                "estack": "AssertionError: Timed out retrying: Expected to find element: `#board-size`, but never found it.\n    at Context.eval (http://localhost:52794/__cypress/tests?p=cypress/integration/project.spec.js:349:8)",
                "diff": null
              },
              "uuid": "e9dfd538-1a5f-4e48-a9cc-3b9752002642",
              "parentUUID": "a6947e5d-0d18-4d0e-93b6-a7db4fe7e1cf",
              "isHook": false,
              "skipped": false
            },
            {
              "title": "Verifica se o novo quadro tem todos os pixels preenchidos com a cor branca",
              "fullTitle": "10 - Faça o quadro de pixels ter seu tamanho definido pelo usuário. Verifica se o novo quadro tem todos os pixels preenchidos com a cor branca",
              "timedOut": null,
              "duration": 4738,
              "state": "failed",
              "speed": null,
              "pass": false,
              "fail": true,
              "pending": false,
              "context": null,
              "code": "cy.get('#board-size').clear().type(6);\ncy.get('#generate-board').click();\ncy.get('.pixel').should('have.length', 36).each(function (pixel) {\n  expect(pixel).to.have.css('background-color', WHITE);\n});",
              "err": {
                "message": "AssertionError: Timed out retrying: Expected to find element: `#board-size`, but never found it.",
                "estack": "AssertionError: Timed out retrying: Expected to find element: `#board-size`, but never found it.\n    at Context.eval (http://localhost:52794/__cypress/tests?p=cypress/integration/project.spec.js:354:8)",
                "diff": null
              },
              "uuid": "110a92b7-6cc4-417b-b145-715986b3ba73",
              "parentUUID": "a6947e5d-0d18-4d0e-93b6-a7db4fe7e1cf",
              "isHook": false,
              "skipped": false
            }
          ],
          "suites": [],
          "passes": [],
          "failures": [
            "b23030e4-fb2c-429a-a4a3-57d357009df9",
            "8da4d7b1-95a7-4ced-bf75-518b2c533709",
            "8de6c823-891a-4102-9710-e4a5251e8472",
            "ef9c127c-4a7e-4cdc-82d2-eaf5afa0b0b2",
            "f40a9e47-fbf8-4c93-a00c-3f892a71da63",
            "d923b029-6800-46d7-ae39-739256722000",
            "12d32a06-bbf4-43f5-9400-cd3406ab61bf",
            "e9dfd538-1a5f-4e48-a9cc-3b9752002642",
            "110a92b7-6cc4-417b-b145-715986b3ba73"
          ],
          "pending": [],
          "skipped": [],
          "duration": 44314,
          "root": false,
          "rootEmpty": false,
          "_timeout": 2000
        },
        {
          "uuid": "3fb3edf8-f6bf-4c70-9ad7-cf5b5a10be47",
          "title": "11 - Limite o tamanho mínimo e máximo do board.",
          "fullFile": "",
          "file": "",
          "beforeHooks": [],
          "afterHooks": [],
          "tests": [
            {
              "title": "Verifica se a altura máxima do board é 50",
              "fullTitle": "11 - Limite o tamanho mínimo e máximo do board. Verifica se a altura máxima do board é 50",
              "timedOut": null,
              "duration": 4919,
              "state": "failed",
              "speed": null,
              "pass": false,
              "fail": true,
              "pending": false,
              "context": null,
              "code": "cy.get('#board-size').clear().type(50);\ncy.get('#generate-board').click();\ncy.get('.pixel').should('have.length', 2500);",
              "err": {
                "message": "AssertionError: Timed out retrying: Expected to find element: `#board-size`, but never found it.",
                "estack": "AssertionError: Timed out retrying: Expected to find element: `#board-size`, but never found it.\n    at Context.eval (http://localhost:52794/__cypress/tests?p=cypress/integration/project.spec.js:366:8)",
                "diff": null
              },
              "uuid": "ca56c3db-781f-4822-aefa-c7515470d6d1",
              "parentUUID": "3fb3edf8-f6bf-4c70-9ad7-cf5b5a10be47",
              "isHook": false,
              "skipped": false
            },
            {
              "title": "Verifica se a altura do board é 5 quando um valor menor é colocado no input",
              "fullTitle": "11 - Limite o tamanho mínimo e máximo do board. Verifica se a altura do board é 5 quando um valor menor é colocado no input",
              "timedOut": null,
              "duration": 4690,
              "state": "failed",
              "speed": null,
              "pass": false,
              "fail": true,
              "pending": false,
              "context": null,
              "code": "cy.get('#board-size').clear().type(4);\ncy.get('#generate-board').click();\ncy.get('.pixel').should('have.length', 25);",
              "err": {
                "message": "AssertionError: Timed out retrying: Expected to find element: `#board-size`, but never found it.",
                "estack": "AssertionError: Timed out retrying: Expected to find element: `#board-size`, but never found it.\n    at Context.eval (http://localhost:52794/__cypress/tests?p=cypress/integration/project.spec.js:371:8)",
                "diff": null
              },
              "uuid": "53b45271-1d57-413e-b6b6-f39c51cb1592",
              "parentUUID": "3fb3edf8-f6bf-4c70-9ad7-cf5b5a10be47",
              "isHook": false,
              "skipped": false
            },
            {
              "title": "Verifica se a altura do board é 50 quando um valor maior é colocado no input",
              "fullTitle": "11 - Limite o tamanho mínimo e máximo do board. Verifica se a altura do board é 50 quando um valor maior é colocado no input",
              "timedOut": null,
              "duration": 4471,
              "state": "failed",
              "speed": null,
              "pass": false,
              "fail": true,
              "pending": false,
              "context": null,
              "code": "cy.get('#board-size').clear().type(51);\ncy.get('#generate-board').click();\ncy.get('.pixel').should('have.length', 2500);",
              "err": {
                "message": "AssertionError: Timed out retrying: Expected to find element: `#board-size`, but never found it.",
                "estack": "AssertionError: Timed out retrying: Expected to find element: `#board-size`, but never found it.\n    at Context.eval (http://localhost:52794/__cypress/tests?p=cypress/integration/project.spec.js:376:8)",
                "diff": null
              },
              "uuid": "7fbd58de-b79c-4498-ac0f-95617a0edc6b",
              "parentUUID": "3fb3edf8-f6bf-4c70-9ad7-cf5b5a10be47",
              "isHook": false,
              "skipped": false
            }
          ],
          "suites": [],
          "passes": [],
          "failures": [
            "ca56c3db-781f-4822-aefa-c7515470d6d1",
            "53b45271-1d57-413e-b6b6-f39c51cb1592",
            "7fbd58de-b79c-4498-ac0f-95617a0edc6b"
          ],
          "pending": [],
          "skipped": [],
          "duration": 14080,
          "root": false,
          "rootEmpty": false,
          "_timeout": 2000
        },
        {
          "uuid": "66569161-53d9-4bb4-a3ce-23a6bc05c71b",
          "title": "12 - Faça com que as cores da paleta sejam geradas aleatoriamente ao carregar a página.",
          "fullFile": "",
          "file": "",
          "beforeHooks": [],
          "afterHooks": [],
          "tests": [
            {
              "title": "Verifica se as cores geradas na paleta são diferentes a cada carregamento da página",
              "fullTitle": "12 - Faça com que as cores da paleta sejam geradas aleatoriamente ao carregar a página. Verifica se as cores geradas na paleta são diferentes a cada carregamento da página",
              "timedOut": null,
              "duration": 684,
              "state": "failed",
              "speed": null,
              "pass": false,
              "fail": true,
              "pending": false,
              "context": null,
              "code": "cy.get('.color').then(function (colors) {\n  var currentColors;\n  var previousColors;\n  previousColors = Array.from(colors).map(function (color) {\n    return Cypress.$(color).css('background-color');\n  });\n  for (var i = 0; i < 5; i += 1) {\n    cy.reload();\n    cy.get('.color').then(function (colors) {\n      currentColors = Array.from(colors).map(function (color) {\n        return Cypress.$(color).css('background-color');\n      });\n      expect(currentColors).not.to.deep.equal(previousColors);\n      previousColors = currentColors;\n    });\n  }\n});",
              "err": {
                "message": "AssertionError: expected [ Array(4) ] to not deeply equal [ Array(4) ]",
                "estack": "AssertionError: expected [ Array(4) ] to not deeply equal [ Array(4) ]\n    at Context.eval (http://localhost:52794/__cypress/tests?p=cypress/integration/project.spec.js:399:45)",
                "diff": ""
              },
              "uuid": "66092e64-b782-4a0f-b741-039a33f713d1",
              "parentUUID": "66569161-53d9-4bb4-a3ce-23a6bc05c71b",
              "isHook": false,
              "skipped": false
            },
            {
              "title": "Verifica se a cor preta ainda está presente e é a primeira na sua paleta de cores",
              "fullTitle": "12 - Faça com que as cores da paleta sejam geradas aleatoriamente ao carregar a página. Verifica se a cor preta ainda está presente e é a primeira na sua paleta de cores",
              "timedOut": null,
              "duration": 652,
              "state": "failed",
              "speed": null,
              "pass": false,
              "fail": true,
              "pending": false,
              "context": null,
              "code": "cy.get('.color').then(function (colors) {\n  var currentColors;\n  var previousColors;\n  previousColors = Array.from(colors).map(function (color) {\n    return Cypress.$(color).css('background-color');\n  });\n  expect(previousColors[0]).to.eq(BLACK);\n  for (var i = 0; i < 5; i += 1) {\n    cy.reload();\n    cy.get('.color').then(function (colors) {\n      currentColors = Array.from(colors).map(function (color) {\n        return Cypress.$(color).css('background-color');\n      });\n      expect(currentColors[0]).to.eq(BLACK);\n      expect(currentColors).not.to.deep.equal(previousColors);\n      previousColors = currentColors;\n    });\n  }\n});",
              "err": {
                "message": "AssertionError: expected [ Array(4) ] to not deeply equal [ Array(4) ]",
                "estack": "AssertionError: expected [ Array(4) ] to not deeply equal [ Array(4) ]\n    at Context.eval (http://localhost:52794/__cypress/tests?p=cypress/integration/project.spec.js:421:45)",
                "diff": ""
              },
              "uuid": "f5c52fd5-a98f-48d4-b72f-5ea768c5683a",
              "parentUUID": "66569161-53d9-4bb4-a3ce-23a6bc05c71b",
              "isHook": false,
              "skipped": false
            }
          ],
          "suites": [],
          "passes": [],
          "failures": [
            "66092e64-b782-4a0f-b741-039a33f713d1",
            "f5c52fd5-a98f-48d4-b72f-5ea768c5683a"
          ],
          "pending": [],
          "skipped": [],
          "duration": 1336,
          "root": false,
          "rootEmpty": false,
          "_timeout": 2000
        }
      ],
      "passes": [],
      "failures": [],
      "pending": [],
      "skipped": [],
      "duration": 0,
      "root": true,
      "rootEmpty": true,
      "_timeout": 2000
    }
  ],
  "meta": {
    "mocha": {
      "version": "7.0.1"
    },
    "mochawesome": {
      "options": {
        "quiet": false,
        "reportFilename": "mochawesome",
        "saveHtml": false,
        "saveJson": true,
        "consoleReporter": "spec",
        "useInlineDiffs": false
      },
      "version": "4.1.0"
    },
    "marge": {
      "options": {
        "id": "default",
        "reportDir": "cypress/reports",
        "overwrite": true,
        "html": false,
        "json": true
      },
      "version": "4.1.0"
    }
  }
}